<?xml version="1.0" encoding="UTF-8"?>
<!-- Generated by org.testng.reporters.JUnitReportReporter -->
<testsuite hostname="ATMECSINDT-076" name="com.atmecs.qa.testscripts.TestInfrastructureServicesPage" tests="6" failures="0" timestamp="8 Aug 2019 14:13:47 GMT" time="110.083" errors="0">
  <testcase name="testDevopsPageClick" time="11.972" classname="com.atmecs.qa.testscripts.TestInfrastructureServicesPage"/>
  <testcase name="testInfrastructureManagementPageClick" time="13.016" classname="com.atmecs.qa.testscripts.TestInfrastructureServicesPage"/>
  <testcase name="testInfrastructureServicePageClick" time="35.134" classname="com.atmecs.qa.testscripts.TestInfrastructureServicesPage"/>
  <testcase name="testCloudInfrastructurePageClick" time="13.778" classname="com.atmecs.qa.testscripts.TestInfrastructureServicesPage"/>
  <testcase name="testDataCenterManagementPageClick" time="20.200" classname="com.atmecs.qa.testscripts.TestInfrastructureServicesPage"/>
  <testcase name="testNOCServicesPageClick" time="15.983" classname="com.atmecs.qa.testscripts.TestInfrastructureServicesPage"/>
</testsuite> <!-- com.atmecs.qa.testscripts.TestInfrastructureServicesPage -->
