<?xml version="1.0" encoding="UTF-8"?>
<!-- Generated by org.testng.reporters.JUnitReportReporter -->
<testsuite hostname="ATMECSINDT-076" name="com.atmecs.qa.testscripts.TestQualityEngineeringPage" tests="1" failures="0" timestamp="8 Aug 2019 14:00:44 GMT" time="13.789" errors="0">
  <testcase name="testQualityEngineeringPageClick" time="13.789" classname="com.atmecs.qa.testscripts.TestQualityEngineeringPage"/>
</testsuite> <!-- com.atmecs.qa.testscripts.TestQualityEngineeringPage -->
