<?xml version="1.0" encoding="UTF-8"?>
<!-- Generated by org.testng.reporters.JUnitReportReporter -->
<testsuite hostname="ATMECSINDT-076" name="com.atmecs.qa.testscripts.TestEnterpriseAnalyticsPage" tests="1" failures="0" timestamp="8 Aug 2019 14:00:44 GMT" time="18.517" errors="0">
  <testcase name="testEnterpriseAnalyticsPageClick" time="18.517" classname="com.atmecs.qa.testscripts.TestEnterpriseAnalyticsPage"/>
</testsuite> <!-- com.atmecs.qa.testscripts.TestEnterpriseAnalyticsPage -->
