<?xml version="1.0" encoding="UTF-8"?>
<!-- Generated by org.testng.reporters.JUnitReportReporter -->
<testsuite hostname="ATMECSINDT-076" name="com.atmecs.DempApp.DemoAtmecsApp" tests="2" failures="0" timestamp="26 Jul 2019 10:05:39 GMT" time="84.893" errors="0">
  <testcase name="Login" time="34.836" classname="com.atmecs.DempApp.DemoAtmecsApp"/>
  <testcase name="Register" time="50.057" classname="com.atmecs.DempApp.DemoAtmecsApp"/>
</testsuite> <!-- com.atmecs.DempApp.DemoAtmecsApp -->
